# JRE version: OpenJDK Runtime Environment (8.0_242) (build 1.8.0_242-release-1644-b3-6222593)
# Java VM: OpenJDK 64-Bit Server VM (25.242-b3-6222593 mixed mode linux-amd64 compressed oops)
Heap:
 PSYoungGen      total 581120K, used 581098K [0x00000000d5580000, 0x0000000100000000, 0x0000000100000000)
  eden space 463360K, 100% used [0x00000000d5580000,0x00000000f1a00000,0x00000000f1a00000)
  from space 117760K, 99% used [0x00000000f1a00000,0x00000000f8cfab80,0x00000000f8d00000)
  to   space 117760K, 3% used [0x00000000f8d00000,0x00000000f9120000,0x0000000100000000)
 ParOldGen       total 388608K, used 263109K [0x0000000080000000, 0x0000000097b80000, 0x00000000d5580000)
  object space 388608K, 67% used [0x0000000080000000,0x00000000900f36d8,0x0000000097b80000)
 Metaspace       used 94855K, capacity 100534K, committed 100760K, reserved 1136640K
  class space    used 12426K, capacity 13416K, committed 13488K, reserved 1048576K
GC Heap History (10 events):
Event: 5258.393 GC heap after
Heap after GC invocations=17 (full 4):
 PSYoungGen      total 612352K, used 81890K [0x00000000d5580000, 0x0000000100000000, 0x0000000100000000)
  eden space 530432K, 0% used [0x00000000d5580000,0x00000000d5580000,0x00000000f5b80000)
  from space 81920K, 99% used [0x00000000f5b80000,0x00000000fab78bf0,0x00000000fab80000)
  to   space 86528K, 0% used [0x00000000fab80000,0x00000000fab80000,0x0000000100000000)
 ParOldGen       total 388608K, used 169934K [0x0000000080000000, 0x0000000097b80000, 0x00000000d5580000)
  object space 388608K, 43% used [0x0000000080000000,0x000000008a5f3a20,0x0000000097b80000)
 Metaspace       used 91529K, capacity 96186K, committed 96408K, reserved 1132544K
  class space    used 12092K, capacity 12961K, committed 12976K, reserved 1048576K
}
Event: 5284.558 GC heap before
{Heap before GC invocations=18 (full 4):
 PSYoungGen      total 612352K, used 612322K [0x00000000d5580000, 0x0000000100000000, 0x0000000100000000)
  eden space 530432K, 100% used [0x00000000d5580000,0x00000000f5b80000,0x00000000f5b80000)
  from space 81920K, 99% used [0x00000000f5b80000,0x00000000fab78bf0,0x00000000fab80000)
  to   space 86528K, 0% used [0x00000000fab80000,0x00000000fab80000,0x0000000100000000)
 ParOldGen       total 388608K, used 169934K [0x0000000080000000, 0x0000000097b80000, 0x00000000d5580000)
  object space 388608K, 43% used [0x0000000080000000,0x000000008a5f3a20,0x0000000097b80000)
 Metaspace       used 92267K, capacity 97042K, committed 97304K, reserved 1134592K
  class space    used 12142K, capacity 13043K, committed 13104K, reserved 1048576K
Event: 5284.595 GC heap after
Heap after GC invocations=18 (full 4):
 PSYoungGen      total 599040K, used 25564K [0x00000000d5580000, 0x0000000100000000, 0x0000000100000000)
  eden space 512512K, 0% used [0x00000000d5580000,0x00000000d5580000,0x00000000f4a00000)
  from space 86528K, 29% used [0x00000000fab80000,0x00000000fc4773b8,0x0000000100000000)
  to   space 93184K, 0% used [0x00000000f4a00000,0x00000000f4a00000,0x00000000fa500000)
 ParOldGen       total 388608K, used 181460K [0x0000000080000000, 0x0000000097b80000, 0x00000000d5580000)
  object space 388608K, 46% used [0x0000000080000000,0x000000008b135120,0x0000000097b80000)
 Metaspace       used 92267K, capacity 97042K, committed 97304K, reserved 1134592K
  class space    used 12142K, capacity 13043K, committed 13104K, reserved 1048576K
}
Event: 6275.799 GC heap before
{Heap before GC invocations=19 (full 4):
 PSYoungGen      total 599040K, used 538076K [0x00000000d5580000, 0x0000000100000000, 0x0000000100000000)
  eden space 512512K, 100% used [0x00000000d5580000,0x00000000f4a00000,0x00000000f4a00000)
  from space 86528K, 29% used [0x00000000fab80000,0x00000000fc4773b8,0x0000000100000000)
  to   space 93184K, 0% used [0x00000000f4a00000,0x00000000f4a00000,0x00000000fa500000)
 ParOldGen       total 388608K, used 181460K [0x0000000080000000, 0x0000000097b80000, 0x00000000d5580000)
  object space 388608K, 46% used [0x0000000080000000,0x000000008b135120,0x0000000097b80000)
 Metaspace       used 92563K, capacity 97478K, committed 97560K, reserved 1134592K
  class space    used 12151K, capacity 13059K, committed 13104K, reserved 1048576K
Event: 6275.809 GC heap after
Heap after GC invocations=19 (full 4):
 PSYoungGen      total 605696K, used 17037K [0x00000000d5580000, 0x0000000100000000, 0x0000000100000000)
  eden space 512512K, 0% used [0x00000000d5580000,0x00000000d5580000,0x00000000f4a00000)
  from space 93184K, 18% used [0x00000000f4a00000,0x00000000f5aa34c0,0x00000000fa500000)
  to   space 90624K, 0% used [0x00000000fa780000,0x00000000fa780000,0x0000000100000000)
 ParOldGen       total 388608K, used 181468K [0x0000000080000000, 0x0000000097b80000, 0x00000000d5580000)
  object space 388608K, 46% used [0x0000000080000000,0x000000008b137120,0x0000000097b80000)
 Metaspace       used 92563K, capacity 97478K, committed 97560K, reserved 1134592K
  class space    used 12151K, capacity 13059K, committed 13104K, reserved 1048576K
}
Event: 6278.272 GC heap before
{Heap before GC invocations=20 (full 4):
 PSYoungGen      total 605696K, used 529549K [0x00000000d5580000, 0x0000000100000000, 0x0000000100000000)
  eden space 512512K, 100% used [0x00000000d5580000,0x00000000f4a00000,0x00000000f4a00000)
  from space 93184K, 18% used [0x00000000f4a00000,0x00000000f5aa34c0,0x00000000fa500000)
  to   space 90624K, 0% used [0x00000000fa780000,0x00000000fa780000,0x0000000100000000)
 ParOldGen       total 388608K, used 181468K [0x0000000080000000, 0x0000000097b80000, 0x00000000d5580000)
  object space 388608K, 46% used [0x0000000080000000,0x000000008b137120,0x0000000097b80000)
 Metaspace       used 92863K, capacity 97822K, committed 98072K, reserved 1134592K
  class space    used 12159K, capacity 13071K, committed 13104K, reserved 1048576K
Event: 6278.405 GC heap after
Heap after GC invocations=20 (full 4):
 PSYoungGen      total 553984K, used 90615K [0x00000000d5580000, 0x0000000100000000, 0x0000000100000000)
  eden space 463360K, 0% used [0x00000000d5580000,0x00000000d5580000,0x00000000f1a00000)
  from space 90624K, 99% used [0x00000000fa780000,0x00000000ffffdc78,0x0000000100000000)
  to   space 117760K, 0% used [0x00000000f1a00000,0x00000000f1a00000,0x00000000f8d00000)
 ParOldGen       total 388608K, used 213865K [0x0000000080000000, 0x0000000097b80000, 0x00000000d5580000)
  object space 388608K, 55% used [0x0000000080000000,0x000000008d0da788,0x0000000097b80000)
 Metaspace       used 92863K, capacity 97822K, committed 98072K, reserved 1134592K
  class space    used 12159K, capacity 13071K, committed 13104K, reserved 1048576K
}
Event: 6302.949 GC heap before
{Heap before GC invocations=21 (full 4):
 PSYoungGen      total 553984K, used 553975K [0x00000000d5580000, 0x0000000100000000, 0x0000000100000000)
  eden space 463360K, 100% used [0x00000000d5580000,0x00000000f1a00000,0x00000000f1a00000)
  from space 90624K, 99% used [0x00000000fa780000,0x00000000ffffdc78,0x0000000100000000)
  to   space 117760K, 0% used [0x00000000f1a00000,0x00000000f1a00000,0x00000000f8d00000)
 ParOldGen       total 388608K, used 213865K [0x0000000080000000, 0x0000000097b80000, 0x00000000d5580000)
  object space 388608K, 55% used [0x0000000080000000,0x000000008d0da788,0x0000000097b80000)
 Metaspace       used 93292K, capacity 98468K, committed 98712K, reserved 1134592K
  class space    used 12197K, capacity 13142K, committed 13232K, reserved 1048576K
Event: 6303.086 GC heap after
Heap after GC invocations=21 (full 4):
 PSYoungGen      total 581120K, used 117738K [0x00000000d5580000, 0x0000000100000000, 0x0000000100000000)
  eden space 463360K, 0% used [0x00000000d5580000,0x00000000d5580000,0x00000000f1a00000)
  from space 117760K, 99% used [0x00000000f1a00000,0x00000000f8cfab80,0x00000000f8d00000)
  to   space 117760K, 0% used [0x00000000f8d00000,0x00000000f8d00000,0x0000000100000000)
 ParOldGen       total 388608K, used 228146K [0x0000000080000000, 0x0000000097b80000, 0x00000000d5580000)
  object space 388608K, 58% used [0x0000000080000000,0x000000008decc818,0x0000000097b80000)
 Metaspace       used 93292K, capacity 98468K, committed 98712K, reserved 1134592K
  class space    used 12197K, capacity 13142K, committed 13232K, reserved 1048576K
}
Event: 15978.636 GC heap before
{Heap before GC invocations=22 (full 4):
 PSYoungGen      total 581120K, used 581098K [0x00000000d5580000, 0x0000000100000000, 0x0000000100000000)
  eden space 463360K, 100% used [0x00000000d5580000,0x00000000f1a00000,0x00000000f1a00000)
  from space 117760K, 99% used [0x00000000f1a00000,0x00000000f8cfab80,0x00000000f8d00000)
  to   space 117760K, 0% used [0x00000000f8d00000,0x00000000f8d00000,0x0000000100000000)
 ParOldGen       total 388608K, used 228146K [0x0000000080000000, 0x0000000097b80000, 0x00000000d5580000)
  object space 388608K, 58% used [0x0000000080000000,0x000000008decc818,0x0000000097b80000)
 Metaspace       used 94855K, capacity 100534K, committed 100760K, reserved 1136640K
  class space    used 12426K, capacity 13416K, committed 13488K, reserved 1048576K

